[22-Jun-2025 21:43:51 Europe/Berlin] EstoqueController: Ação recebida: 'filter_only' para Lote: 'Lactantes', Vacas: '20'.
[22-Jun-2025 21:43:51 Europe/Berlin] EstoqueController: Processando ação 'filter_only'.
[22-Jun-2025 21:43:51 Europe/Berlin] EstoqueController: Redirecionando para: ../views/estoque/index.php?lote=Lactantes&vacas=20
[22-Jun-2025 21:43:57 Europe/Berlin] EstoqueController: Ação recebida: 'save_vacas_count' para Lote: 'Lactantes', Vacas: '34'.
[22-Jun-2025 21:43:57 Europe/Berlin] EstoqueController: Processando ação 'save_vacas_count'.
[22-Jun-2025 21:43:57 Europe/Berlin] EstoqueController: Sucesso ao atualizar o BD.
[22-Jun-2025 21:43:57 Europe/Berlin] EstoqueController: Redirecionando para: ../views/estoque/index.php?lote=Lactantes&vacas=34
[22-Jun-2025 22:45:19 Europe/Berlin] EstoqueController: Ação recebida: 'filter_only' para Lote: 'Campo', Vacas: '34'.
[22-Jun-2025 22:45:19 Europe/Berlin] EstoqueController: Processando ação 'filter_only'.
[22-Jun-2025 22:45:19 Europe/Berlin] EstoqueController: Redirecionando para: ../views/estoque/index.php?lote=Campo&vacas=34
[23-Jun-2025 02:10:47 Europe/Berlin] EstoqueController: Ação recebida: 'filter_only' para Lote: 'Lactantes', Vacas: '20'.
[23-Jun-2025 02:10:47 Europe/Berlin] EstoqueController: Processando ação 'filter_only'.
[23-Jun-2025 02:10:47 Europe/Berlin] EstoqueController: Redirecionando para: ../views/estoque/index.php?lote=Lactantes&vacas=20
[23-Jun-2025 02:10:54 Europe/Berlin] EstoqueController: Ação recebida: 'filter_only' para Lote: 'Pré-Parto', Vacas: '24'.
[23-Jun-2025 02:10:54 Europe/Berlin] EstoqueController: Processando ação 'filter_only'.
[23-Jun-2025 02:10:54 Europe/Berlin] EstoqueController: Redirecionando para: ../views/estoque/index.php?lote=Pr%C3%A9-Parto&vacas=24
[23-Jun-2025 02:11:04 Europe/Berlin] EstoqueController: Ação recebida: 'filter_only' para Lote: 'Campo', Vacas: '1'.
[23-Jun-2025 02:11:04 Europe/Berlin] EstoqueController: Processando ação 'filter_only'.
[23-Jun-2025 02:11:04 Europe/Berlin] EstoqueController: Redirecionando para: ../views/estoque/index.php?lote=Campo&vacas=1
[23-Jun-2025 02:11:07 Europe/Berlin] EstoqueController: Ação recebida: 'filter_only' para Lote: 'Lactantes', Vacas: '10'.
[23-Jun-2025 02:11:07 Europe/Berlin] EstoqueController: Processando ação 'filter_only'.
[23-Jun-2025 02:11:07 Europe/Berlin] EstoqueController: Redirecionando para: ../views/estoque/index.php?lote=Lactantes&vacas=10
[23-Jun-2025 02:11:12 Europe/Berlin] EstoqueController: Ação recebida: 'filter_only' para Lote: 'Pré-Parto', Vacas: '24'.
[23-Jun-2025 02:11:12 Europe/Berlin] EstoqueController: Processando ação 'filter_only'.
[23-Jun-2025 02:11:12 Europe/Berlin] EstoqueController: Redirecionando para: ../views/estoque/index.php?lote=Pr%C3%A9-Parto&vacas=24
[23-Jun-2025 02:11:39 Europe/Berlin] EstoqueController: Ação recebida: 'filter_only' para Lote: 'Campo', Vacas: '1'.
[23-Jun-2025 02:11:39 Europe/Berlin] EstoqueController: Processando ação 'filter_only'.
[23-Jun-2025 02:11:39 Europe/Berlin] EstoqueController: Redirecionando para: ../views/estoque/index.php?lote=Campo&vacas=1
[23-Jun-2025 02:11:42 Europe/Berlin] EstoqueController: Ação recebida: 'filter_only' para Lote: 'Lactantes', Vacas: '10'.
[23-Jun-2025 02:11:42 Europe/Berlin] EstoqueController: Processando ação 'filter_only'.
[23-Jun-2025 02:11:42 Europe/Berlin] EstoqueController: Redirecionando para: ../views/estoque/index.php?lote=Lactantes&vacas=10
[23-Jun-2025 02:11:51 Europe/Berlin] EstoqueController: Ação recebida: 'filter_only' para Lote: 'Pré-Parto', Vacas: '24'.
[23-Jun-2025 02:11:51 Europe/Berlin] EstoqueController: Processando ação 'filter_only'.
[23-Jun-2025 02:11:51 Europe/Berlin] EstoqueController: Redirecionando para: ../views/estoque/index.php?lote=Pr%C3%A9-Parto&vacas=24
[23-Jun-2025 02:11:55 Europe/Berlin] EstoqueController: Ação recebida: 'filter_only' para Lote: 'Campo', Vacas: '1'.
[23-Jun-2025 02:11:55 Europe/Berlin] EstoqueController: Processando ação 'filter_only'.
[23-Jun-2025 02:11:55 Europe/Berlin] EstoqueController: Redirecionando para: ../views/estoque/index.php?lote=Campo&vacas=1
[23-Jun-2025 02:12:08 Europe/Berlin] EstoqueController: Ação recebida: 'filter_only' para Lote: 'Lactantes', Vacas: '10'.
[23-Jun-2025 02:12:08 Europe/Berlin] EstoqueController: Processando ação 'filter_only'.
[23-Jun-2025 02:12:08 Europe/Berlin] EstoqueController: Redirecionando para: ../views/estoque/index.php?lote=Lactantes&vacas=10
[23-Jun-2025 02:14:24 Europe/Berlin] EstoqueController: Ação recebida: 'filter_only' para Lote: 'Lactantes', Vacas: '20'.
[23-Jun-2025 02:14:24 Europe/Berlin] EstoqueController: Processando ação 'filter_only'.
[23-Jun-2025 02:14:24 Europe/Berlin] EstoqueController: Redirecionando para: ../views/estoque/index.php?lote=Lactantes&vacas=20
[23-Jun-2025 02:14:26 Europe/Berlin] EstoqueController: Ação recebida: 'filter_only' para Lote: 'Pré-Parto', Vacas: '20'.
[23-Jun-2025 02:14:26 Europe/Berlin] EstoqueController: Processando ação 'filter_only'.
[23-Jun-2025 02:14:26 Europe/Berlin] EstoqueController: Redirecionando para: ../views/estoque/index.php?lote=Pr%C3%A9-Parto&vacas=20
[23-Jun-2025 02:14:28 Europe/Berlin] EstoqueController: Ação recebida: 'filter_only' para Lote: 'Campo', Vacas: '20'.
[23-Jun-2025 02:14:28 Europe/Berlin] EstoqueController: Processando ação 'filter_only'.
[23-Jun-2025 02:14:28 Europe/Berlin] EstoqueController: Redirecionando para: ../views/estoque/index.php?lote=Campo&vacas=20
[23-Jun-2025 02:14:30 Europe/Berlin] EstoqueController: Ação recebida: 'filter_only' para Lote: 'Lactantes', Vacas: '20'.
[23-Jun-2025 02:14:30 Europe/Berlin] EstoqueController: Processando ação 'filter_only'.
[23-Jun-2025 02:14:30 Europe/Berlin] EstoqueController: Redirecionando para: ../views/estoque/index.php?lote=Lactantes&vacas=20
[23-Jun-2025 02:14:33 Europe/Berlin] EstoqueController: Ação recebida: 'filter_only' para Lote: 'Pré-Parto', Vacas: '20'.
[23-Jun-2025 02:14:33 Europe/Berlin] EstoqueController: Processando ação 'filter_only'.
[23-Jun-2025 02:14:33 Europe/Berlin] EstoqueController: Redirecionando para: ../views/estoque/index.php?lote=Pr%C3%A9-Parto&vacas=20
[23-Jun-2025 02:14:37 Europe/Berlin] EstoqueController: Ação recebida: 'filter_only' para Lote: 'Lactantes', Vacas: '20'.
[23-Jun-2025 02:14:37 Europe/Berlin] EstoqueController: Processando ação 'filter_only'.
[23-Jun-2025 02:14:37 Europe/Berlin] EstoqueController: Redirecionando para: ../views/estoque/index.php?lote=Lactantes&vacas=20
[23-Jun-2025 02:17:45 Europe/Berlin] EstoqueController: Ação recebida: 'filter_only' para Lote: 'Lactantes', Vacas: '20'.
[23-Jun-2025 02:17:45 Europe/Berlin] EstoqueController: Processando ação 'filter_only'.
[23-Jun-2025 02:17:45 Europe/Berlin] EstoqueController: Redirecionando para: ../views/estoque/index.php?lote=Lactantes&vacas=20
[23-Jun-2025 02:17:49 Europe/Berlin] EstoqueController: Ação recebida: 'filter_only' para Lote: 'Pré-Parto', Vacas: '20'.
[23-Jun-2025 02:17:49 Europe/Berlin] EstoqueController: Processando ação 'filter_only'.
[23-Jun-2025 02:17:49 Europe/Berlin] EstoqueController: Redirecionando para: ../views/estoque/index.php?lote=Pr%C3%A9-Parto&vacas=20
[23-Jun-2025 02:18:14 Europe/Berlin] EstoqueController: Ação recebida: 'filter_only' para Lote: 'Lactantes', Vacas: '20'.
[23-Jun-2025 02:18:14 Europe/Berlin] EstoqueController: Processando ação 'filter_only'.
[23-Jun-2025 02:18:14 Europe/Berlin] EstoqueController: Redirecionando para: ../views/estoque/index.php?lote=Lactantes&vacas=20
[23-Jun-2025 02:20:46 Europe/Berlin] EstoqueController: Ação recebida: 'filter_only' para Lote: 'Lactantes', Vacas: '20'.
[23-Jun-2025 02:20:46 Europe/Berlin] EstoqueController: Processando ação 'filter_only'.
[23-Jun-2025 02:20:46 Europe/Berlin] EstoqueController: Redirecionando para: ../views/estoque/index.php?lote=Lactantes&vacas=20
[23-Jun-2025 02:21:03 Europe/Berlin] EstoqueController: Ação recebida: 'filter_only' para Lote: 'Lactantes', Vacas: '20'.
[23-Jun-2025 02:21:03 Europe/Berlin] EstoqueController: Processando ação 'filter_only'.
[23-Jun-2025 02:21:03 Europe/Berlin] EstoqueController: Redirecionando para: ../views/estoque/index.php?lote=Lactantes&vacas=20
[23-Jun-2025 02:21:09 Europe/Berlin] EstoqueController: Ação recebida: 'filter_only' para Lote: 'Pré-Parto', Vacas: '20'.
[23-Jun-2025 02:21:09 Europe/Berlin] EstoqueController: Processando ação 'filter_only'.
[23-Jun-2025 02:21:09 Europe/Berlin] EstoqueController: Redirecionando para: ../views/estoque/index.php?lote=Pr%C3%A9-Parto&vacas=20
[23-Jun-2025 02:23:20 Europe/Berlin] EstoqueController: Ação recebida: 'filter_only' para Lote: 'Lactantes', Vacas: '20'.
[23-Jun-2025 02:23:20 Europe/Berlin] EstoqueController: Processando ação 'filter_only'.
[23-Jun-2025 02:23:20 Europe/Berlin] EstoqueController: Redirecionando para: ../views/estoque/index.php?lote=Lactantes&vacas=20
[23-Jun-2025 02:25:24 Europe/Berlin] EstoqueController: Ação recebida: 'filter_only' para Lote: 'Lactantes', Vacas: '20'.
[23-Jun-2025 02:25:24 Europe/Berlin] EstoqueController: Processando ação 'filter_only'.
[23-Jun-2025 02:25:24 Europe/Berlin] EstoqueController: Redirecionando para: ../views/estoque/index.php?lote=Lactantes&vacas=20
[23-Jun-2025 02:25:28 Europe/Berlin] EstoqueController: Ação recebida: 'filter_only' para Lote: 'Campo', Vacas: '20'.
[23-Jun-2025 02:25:28 Europe/Berlin] EstoqueController: Processando ação 'filter_only'.
[23-Jun-2025 02:25:28 Europe/Berlin] EstoqueController: Redirecionando para: ../views/estoque/index.php?lote=Campo&vacas=20
[23-Jun-2025 02:25:30 Europe/Berlin] EstoqueController: Ação recebida: 'filter_only' para Lote: 'Pré-Parto', Vacas: '20'.
[23-Jun-2025 02:25:30 Europe/Berlin] EstoqueController: Processando ação 'filter_only'.
[23-Jun-2025 02:25:30 Europe/Berlin] EstoqueController: Redirecionando para: ../views/estoque/index.php?lote=Pr%C3%A9-Parto&vacas=20
[23-Jun-2025 02:25:41 Europe/Berlin] EstoqueController: Ação recebida: 'filter_only' para Lote: 'Lactantes', Vacas: '20'.
[23-Jun-2025 02:25:41 Europe/Berlin] EstoqueController: Processando ação 'filter_only'.
[23-Jun-2025 02:25:41 Europe/Berlin] EstoqueController: Redirecionando para: ../views/estoque/index.php?lote=Lactantes&vacas=20
[23-Jun-2025 02:31:05 Europe/Berlin] EstoqueController: Ação recebida: 'filter_only' para Lote: 'Lactantes', Vacas: '20'.
[23-Jun-2025 02:31:05 Europe/Berlin] EstoqueController: Processando ação 'filter_only'.
[23-Jun-2025 02:31:05 Europe/Berlin] EstoqueController: Redirecionando para: ../views/estoque/index.php?lote=Lactantes&vacas=20
[23-Jun-2025 02:31:09 Europe/Berlin] EstoqueController: Ação recebida: 'filter_only' para Lote: 'Pré-Parto', Vacas: '20'.
[23-Jun-2025 02:31:09 Europe/Berlin] EstoqueController: Processando ação 'filter_only'.
[23-Jun-2025 02:31:09 Europe/Berlin] EstoqueController: Redirecionando para: ../views/estoque/index.php?lote=Pr%C3%A9-Parto&vacas=20
[23-Jun-2025 02:32:01 Europe/Berlin] EstoqueController: Ação recebida: 'save_vacas_count' para Lote: 'Campo', Vacas: '21'.
[23-Jun-2025 02:32:01 Europe/Berlin] EstoqueController: Processando ação 'save_vacas_count'.
[23-Jun-2025 02:32:02 Europe/Berlin] EstoqueController: Sucesso ao atualizar o BD.
[23-Jun-2025 02:32:02 Europe/Berlin] EstoqueController: Redirecionando para: ../views/estoque/index.php?lote=Campo&vacas=21
[23-Jun-2025 02:47:36 Europe/Berlin] EstoqueController: Ação recebida: 'save_vacas_count' para Lote: 'Campo', Vacas: '22'.
[23-Jun-2025 02:47:36 Europe/Berlin] EstoqueController: Processando ação 'save_vacas_count'.
[23-Jun-2025 02:47:36 Europe/Berlin] EstoqueController: Sucesso ao atualizar o BD.
[23-Jun-2025 02:47:36 Europe/Berlin] EstoqueController: Redirecionando para: ../views/estoque/index.php?lote=Campo&vacas=22
[23-Jun-2025 02:47:49 Europe/Berlin] EstoqueController: Ação recebida: 'save_vacas_count' para Lote: 'Campo', Vacas: '30'.
[23-Jun-2025 02:47:49 Europe/Berlin] EstoqueController: Processando ação 'save_vacas_count'.
[23-Jun-2025 02:47:49 Europe/Berlin] EstoqueController: Sucesso ao atualizar o BD.
[23-Jun-2025 02:47:49 Europe/Berlin] EstoqueController: Redirecionando para: ../views/estoque/index.php?lote=Campo&vacas=30
[23-Jun-2025 02:48:01 Europe/Berlin] EstoqueController: Ação recebida: 'save_vacas_count' para Lote: 'Campo', Vacas: '20'.
[23-Jun-2025 02:48:01 Europe/Berlin] EstoqueController: Processando ação 'save_vacas_count'.
[23-Jun-2025 02:48:01 Europe/Berlin] EstoqueController: Sucesso ao atualizar o BD.
[23-Jun-2025 02:48:01 Europe/Berlin] EstoqueController: Redirecionando para: ../views/estoque/index.php?lote=Campo&vacas=20
[23-Jun-2025 11:37:57 Europe/Berlin] EstoqueController: Ação recebida: 'filter_only' para Lote: 'Lactantes', Vacas: '34'.
[23-Jun-2025 11:37:57 Europe/Berlin] EstoqueController: Processando ação 'filter_only'.
[23-Jun-2025 11:37:57 Europe/Berlin] EstoqueController: Redirecionando para: ../views/estoque/index.php?lote=Lactantes&vacas=34
[23-Jun-2025 11:37:59 Europe/Berlin] EstoqueController: Ação recebida: 'save_vacas_count' para Lote: 'Lactantes', Vacas: '36'.
[23-Jun-2025 11:37:59 Europe/Berlin] EstoqueController: Processando ação 'save_vacas_count'.
[23-Jun-2025 11:37:59 Europe/Berlin] EstoqueController: Sucesso ao atualizar o BD.
[23-Jun-2025 11:37:59 Europe/Berlin] EstoqueController: Redirecionando para: ../views/estoque/index.php?lote=Lactantes&vacas=36
[23-Jun-2025 21:45:32 Europe/Berlin] EstoqueController: Ação recebida: 'save_vacas_count' para Lote: 'Lactantes', Vacas: '34'.
[23-Jun-2025 21:45:32 Europe/Berlin] EstoqueController: Processando ação 'save_vacas_count'.
[23-Jun-2025 21:45:32 Europe/Berlin] EstoqueController: Sucesso ao atualizar o BD.
[23-Jun-2025 21:45:32 Europe/Berlin] EstoqueController: Redirecionando para: ../views/estoque/index.php?lote=Lactantes&vacas=34
